#
# There is insufficient memory for the Java Runtime Environment to continue.
# Native memory allocation (mmap) failed to map 536870912 bytes for G1 virtual space
# Possible reasons:
#   The system is out of physical RAM or swap space
#   The process is running with CompressedOops enabled, and the Java Heap may be blocking the growth of the native heap
# Possible solutions:
#   Reduce memory load on the system
#   Increase physical memory or swap space
#   Check if swap backing store is full
#   Decrease Java heap size (-Xmx/-Xms)
#   Decrease number of Java threads
#   Decrease Java thread stack sizes (-Xss)
#   Set larger code cache with -XX:ReservedCodeCacheSize=
#   JVM is running with Zero Based Compressed Oops mode in which the Java heap is
#     placed in the first 32GB address space. The Java Heap base address is the
#     maximum limit for the native heap growth. Please use -XX:HeapBaseMinAddress
#     to set the Java Heap base and to place the Java Heap above 32GB virtual address.
# This output file may be truncated or incomplete.
#
#  Out of Memory Error (os_windows.cpp:3548), pid=24752, tid=20424
#
# JRE version:  (17.0.5+8) (build )
# Java VM: OpenJDK 64-Bit Server VM (17.0.5+8-LTS, mixed mode, emulated-client, sharing, tiered, compressed oops, compressed class ptrs, g1 gc, windows-amd64)
# No core dump will be written. Minidumps are not enabled by default on client versions of Windows
#

---------------  S U M M A R Y ------------

Command Line: -XX:TieredStopAtLevel=1 com.edtlsoft.cursojava.sb.SbApplication

Host: Intel(R) Core(TM) i7-10700 CPU @ 2.90GHz, 16 cores, 31G,  Windows 10 , 64 bit Build 19041 (10.0.19041.2364)
Time: Wed Jan  4 15:54:32 2023 Hora est. Pacífico, Sudamérica elapsed time: 0.013756 seconds (0d 0h 0m 0s)

---------------  T H R E A D  ---------------

Current thread (0x00000161a4dd2ca0):  JavaThread "Unknown thread" [_thread_in_vm, id=20424, stack(0x0000002070400000,0x0000002070500000)]

Stack: [0x0000002070400000,0x0000002070500000]
Native frames: (J=compiled Java code, j=interpreted, Vv=VM code, C=native code)
V  [jvm.dll+0x646e0a]
V  [jvm.dll+0x7f7f14]
V  [jvm.dll+0x7f96ce]
V  [jvm.dll+0x7f9d23]
V  [jvm.dll+0x234c98]
V  [jvm.dll+0x643d6a]
V  [jvm.dll+0x63849a]
V  [jvm.dll+0x2f2ed9]
V  [jvm.dll+0x2fa066]
V  [jvm.dll+0x345a2a]
V  [jvm.dll+0x345c6f]
V  [jvm.dll+0x2c9378]
V  [jvm.dll+0x2ca309]
V  [jvm.dll+0x7cb681]
V  [jvm.dll+0x352eb1]
V  [jvm.dll+0x7abb8e]
V  [jvm.dll+0x3ce293]
V  [jvm.dll+0x3cfc91]
C  [jli.dll+0x519f]
C  [ucrtbase.dll+0x21bb2]
C  [KERNEL32.DLL+0x17614]
C  [ntdll.dll+0x526a1]


---------------  P R O C E S S  ---------------

Threads class SMR info:
_java_thread_list=0x00007ffc259c6758, length=0, elements={
}

Java Threads: ( => current thread )

Other Threads:
  0x00000161a4e7fea0 GCTaskThread "GC Thread#0" [stack: 0x0000002070500000,0x0000002070600000] [id=25468]
  0x00000161a4e92170 ConcurrentGCThread "G1 Main Marker" [stack: 0x0000002070600000,0x0000002070700000] [id=27720]
  0x00000161a4e93490 ConcurrentGCThread "G1 Conc#0" [stack: 0x0000002070700000,0x0000002070800000] [id=16444]

[error occurred during error reporting (printing all threads), id 0xc0000005, EXCEPTION_ACCESS_VIOLATION (0xc0000005) at pc=0x00007ffc251ba567]

VM state: not at safepoint (not fully initialized)

VM Mutex/Monitor currently owned by a thread:  ([mutex/lock_event])
[0x00000161a4dce5e0] Heap_lock - owner thread: 0x00000161a4dd2ca0

Heap address: 0x0000000601000000, size: 8176 MB, Compressed Oops mode: Zero based, Oop shift amount: 3

CDS archive(s) mapped at: [0x0000000000000000-0x0000000000000000-0x0000000000000000), size 0, SharedBaseAddress: 0x0000000800000000, ArchiveRelocationMode: 0.
Narrow klass base: 0x0000000000000000, Narrow klass shift: 0, Narrow klass range: 0x0

GC Precious Log:
<Empty>

Heap:
 garbage-first heap   total 0K, used 0K [0x0000000601000000, 0x0000000800000000)
  region size 4096K, 0 young (0K), 0 survivors (0K)

[error occurred during error reporting (printing heap information), id 0xc0000005, EXCEPTION_ACCESS_VIOLATION (0xc0000005) at pc=0x00007ffc2557e739]

GC Heap History (0 events):
No events

Dll operation events (1 events):
Event: 0.007 Loaded shared library C:\Users\EDWARD\.jdks\corretto-17.0.5\bin\java.dll

Deoptimization events (0 events):
No events

Classes unloaded (0 events):
No events

Classes redefined (0 events):
No events

Internal exceptions (0 events):
No events

VM Operations (0 events):
No events

Events (0 events):
No events


Dynamic libraries:
0x00007ff7b6690000 - 0x00007ff7b669d000 	C:\Users\EDWARD\.jdks\corretto-17.0.5\bin\java.exe
0x00007ffc85950000 - 0x00007ffc85b48000 	C:\Windows\SYSTEM32\ntdll.dll
0x00007ffc55e80000 - 0x00007ffc55e97000 	C:\Program Files\Avast Software\Avast\aswhook.dll
0x00007ffc857a0000 - 0x00007ffc8585f000 	C:\Windows\System32\KERNEL32.DLL
0x00007ffc836b0000 - 0x00007ffc83982000 	C:\Windows\System32\KERNELBASE.dll
0x00007ffc835b0000 - 0x00007ffc836b0000 	C:\Windows\System32\ucrtbase.dll
0x00007ffc54c40000 - 0x00007ffc54c55000 	C:\Users\EDWARD\.jdks\corretto-17.0.5\bin\VCRUNTIME140.dll
0x00007ffc54a50000 - 0x00007ffc54a67000 	C:\Users\EDWARD\.jdks\corretto-17.0.5\bin\jli.dll
0x00007ffc83ea0000 - 0x00007ffc84041000 	C:\Windows\System32\USER32.dll
0x00007ffc83410000 - 0x00007ffc83432000 	C:\Windows\System32\win32u.dll
0x00007ffc6b540000 - 0x00007ffc6b7da000 	C:\Windows\WinSxS\amd64_microsoft.windows.common-controls_6595b64144ccf1df_6.0.19041.1110_none_60b5254171f9507e\COMCTL32.dll
0x00007ffc84210000 - 0x00007ffc8423b000 	C:\Windows\System32\GDI32.dll
0x00007ffc85440000 - 0x00007ffc854de000 	C:\Windows\System32\msvcrt.dll
0x00007ffc832b0000 - 0x00007ffc833bf000 	C:\Windows\System32\gdi32full.dll
0x00007ffc830b0000 - 0x00007ffc8314d000 	C:\Windows\System32\msvcp_win.dll
0x00007ffc858d0000 - 0x00007ffc85902000 	C:\Windows\System32\IMM32.DLL
0x00007ffc49530000 - 0x00007ffc495cb000 	C:\Users\EDWARD\.jdks\corretto-17.0.5\bin\msvcp140.dll
0x00007ffc24ee0000 - 0x00007ffc25af4000 	C:\Users\EDWARD\.jdks\corretto-17.0.5\bin\server\jvm.dll
0x00007ffc85690000 - 0x00007ffc8573e000 	C:\Windows\System32\ADVAPI32.dll
0x00007ffc83e00000 - 0x00007ffc83e9c000 	C:\Windows\System32\sechost.dll
0x00007ffc84c30000 - 0x00007ffc84d55000 	C:\Windows\System32\RPCRT4.dll
0x00007ffc75370000 - 0x00007ffc75397000 	C:\Windows\SYSTEM32\WINMM.dll
0x00007ffc78e00000 - 0x00007ffc78e09000 	C:\Windows\SYSTEM32\WSOCK32.dll
0x00007ffc7a9e0000 - 0x00007ffc7a9ea000 	C:\Windows\SYSTEM32\VERSION.dll
0x00007ffc85860000 - 0x00007ffc858cb000 	C:\Windows\System32\WS2_32.dll
0x00007ffc80ee0000 - 0x00007ffc80ef2000 	C:\Windows\SYSTEM32\kernel.appcore.dll
0x00007ffc653d0000 - 0x00007ffc653da000 	C:\Users\EDWARD\.jdks\corretto-17.0.5\bin\jimage.dll
0x00007ffc7cb20000 - 0x00007ffc7cd04000 	C:\Windows\SYSTEM32\DBGHELP.DLL
0x00007ffc7ae50000 - 0x00007ffc7ae85000 	C:\Windows\SYSTEM32\dbgcore.DLL
0x00007ffc83470000 - 0x00007ffc834f2000 	C:\Windows\System32\bcryptPrimitives.dll
0x00007ffc54030000 - 0x00007ffc54055000 	C:\Users\EDWARD\.jdks\corretto-17.0.5\bin\java.dll

dbghelp: loaded successfully - version: 4.0.5 - missing functions: none
symbol engine: initialized successfully - sym options: 0x614 - pdb path: .;C:\Users\EDWARD\.jdks\corretto-17.0.5\bin;C:\Windows\SYSTEM32;C:\Program Files\Avast Software\Avast;C:\Windows\WinSxS\amd64_microsoft.windows.common-controls_6595b64144ccf1df_6.0.19041.1110_none_60b5254171f9507e;C:\Users\EDWARD\.jdks\corretto-17.0.5\bin\server

VM Arguments:
jvm_args: -XX:TieredStopAtLevel=1 
java_command: com.edtlsoft.cursojava.sb.SbApplication
java_class_path (initial): D:\Documentos\Platzi\Java\Sprint boot\sprint-boot-curse\target\classes;C:\Users\EDWARD\.m2\repository\org\springframework\boot\spring-boot\3.0.1\spring-boot-3.0.1.jar;C:\Users\EDWARD\.m2\repository\org\springframework\boot\spring-boot-autoconfigure\3.0.1\spring-boot-autoconfigure-3.0.1.jar;C:\Users\EDWARD\.m2\repository\ch\qos\logback\logback-classic\1.4.5\logback-classic-1.4.5.jar;C:\Users\EDWARD\.m2\repository\ch\qos\logback\logback-core\1.4.5\logback-core-1.4.5.jar;C:\Users\EDWARD\.m2\repository\org\apache\logging\log4j\log4j-to-slf4j\2.19.0\log4j-to-slf4j-2.19.0.jar;C:\Users\EDWARD\.m2\repository\org\apache\logging\log4j\log4j-api\2.19.0\log4j-api-2.19.0.jar;C:\Users\EDWARD\.m2\repository\org\slf4j\jul-to-slf4j\2.0.6\jul-to-slf4j-2.0.6.jar;C:\Users\EDWARD\.m2\repository\org\yaml\snakeyaml\1.33\snakeyaml-1.33.jar;C:\Users\EDWARD\.m2\repository\com\fasterxml\jackson\core\jackson-databind\2.14.1\jackson-databind-2.14.1.jar;C:\Users\EDWARD\.m2\repository\com\fasterxml\jackson\core\jackson-annotations\2.14.1\jackson-annotations-2.14.1.jar;C:\Users\EDWARD\.m2\repository\com\fasterxml\jackson\core\jackson-core\2.14.1\jackson-core-2.14.1.jar;C:\Users\EDWARD\.m2\repository\com\fasterxml\jackson\datatype\jackson-datatype-jdk8\2.14.1\jackson-datatype-jdk8-2.14.1.jar;C:\Users\EDWARD\.m2\repository\com\fasterxml\jackson\datatype\jackson-datatype-jsr310\2.14.1\jackson-datatype-jsr310-2.14.1.jar;C:\Users\EDWARD\.m2\repository\com\fasterxml\jackson\module\jackson-module-parameter-names\2.14.1\jackson-module-parameter-names-2.14.1.jar;C:\Users\EDWARD\.m2\repository\org\springframework\spring-web\6.0.3\spring-web-6.0.3.jar;C:\Users\EDWARD\.m2\repository\org\springframework\spring-beans\6.0.3\spring-beans-6.0.3.jar;C:\Users\EDWARD\.m2\repository\io\micrometer\micrometer-observation\1.10.2\micrometer-observation-1.10.2.jar;C:\Users\EDWARD\.m2\repository\io\micrometer\micrometer-commons\1.10.2\micrometer-commons-1.10.2.jar;C:\Users\EDWARD\.m2\repository\
Launcher Type: SUN_STANDARD

[Global flags]
     intx CICompilerCount                          = 12                                        {product} {ergonomic}
     uint ConcGCThreads                            = 3                                         {product} {ergonomic}
     uint G1ConcRefinementThreads                  = 13                                        {product} {ergonomic}
   size_t G1HeapRegionSize                         = 4194304                                   {product} {ergonomic}
    uintx GCDrainStackTargetSize                   = 64                                        {product} {ergonomic}
   size_t InitialHeapSize                          = 536870912                                 {product} {ergonomic}
   size_t MarkStackSize                            = 4194304                                   {product} {ergonomic}
   size_t MaxHeapSize                              = 8573157376                                {product} {ergonomic}
   size_t MinHeapDeltaBytes                        = 4194304                                   {product} {ergonomic}
   size_t MinHeapSize                              = 8388608                                   {product} {ergonomic}
    uintx NonProfiledCodeHeapSize                  = 0                                      {pd product} {ergonomic}
     bool ProfileInterpreter                       = false                                  {pd product} {command line}
    uintx ProfiledCodeHeapSize                     = 0                                      {pd product} {ergonomic}
   size_t SoftMaxHeapSize                          = 8573157376                             {manageable} {ergonomic}
     intx TieredStopAtLevel                        = 1                                         {product} {command line}
     bool UseCompressedClassPointers               = true                           {product lp64_product} {ergonomic}
     bool UseCompressedOops                        = true                           {product lp64_product} {ergonomic}
     bool UseG1GC                                  = true                                      {product} {ergonomic}
     bool UseLargePagesIndividualAllocation        = false                                  {pd product} {ergonomic}

Logging:
Log output configuration:
 #0: stdout all=warning uptime,level,tags
 #1: stderr all=off uptime,level,tags

Environment Variables:
PATH=C:\Users\EDWARD\AppData\Local\Programs\Python\Python39\Scripts\;C:\Users\EDWARD\AppData\Local\Programs\Python\Python39\;C:\Python310\Scripts\;C:\Python310\;C:\Program Files\Common Files\Oracle\Java\javapath;C:\Python39\Scripts\;C:\Python39\;C:\Windows\system32;C:\Windows;C:\Windows\System32\Wbem;C:\Windows\System32\WindowsPowerShell\v1.0\;C:\Windows\System32\OpenSSH\;C:\Program Files\Git\cmd;C:\ProgramData\chocolatey\bin;C:\Program Files\dotnet\;C:\Program Files\Go\bin;C:\Program Files\MongoDB\Server\5.0\bin;C:\Program Files\Amazon\AWSCLI\bin\;C:\Program Files\Docker\Docker\resources\bin;C:\ProgramData\DockerDesktop\version-bin;C:\xampp\mysql\bin;C:\bin;C:\Users\EDWARD\AppData\Roaming\nvm;C:\Program Files\nodejs;C:\Users\EDWARD\AppData\Local\Microsoft\WindowsApps;C:\Users\EDWARD\AppData\Local\Programs\Microsoft VS Code\bin;C:\xampp\php;C:\Users\EDWARD\AppData\Local\ComposerSetup\bin;C:\Users\EDWARD\AppData\Roaming\Composer\vendor\bin;C:\SonarQube\sonar-scanner-4.6.0.2311-windows\bin;C:\Redis-3.2.1;C:\Users\EDWARD\go\bin;C:\Program Files\heroku\bin;C:\Users\EDWARD\AppData\Roaming\npm;C:\Users\EDWARD\AppData\Local\Google\Cloud SDK\google-cloud-sdk\bin;C:\Users\EDWARD\AppData\Roaming\nvm;C:\Program Files\nodejs
USERNAME=EDWARD
OS=Windows_NT
PROCESSOR_IDENTIFIER=Intel64 Family 6 Model 165 Stepping 5, GenuineIntel
TMP=C:\Users\EDWARD\AppData\Local\Temp
TEMP=C:\Users\EDWARD\AppData\Local\Temp



---------------  S Y S T E M  ---------------

OS:
 Windows 10 , 64 bit Build 19041 (10.0.19041.2364)
OS uptime: 4 days 6:12 hours
Hyper-V role detected

CPU: total 16 (initial active 16) (8 cores per cpu, 2 threads per core) family 6 model 165 stepping 5 microcode 0xca, cx8, cmov, fxsr, ht, mmx, 3dnowpref, sse, sse2, sse3, ssse3, sse4.1, sse4.2, popcnt, lzcnt, tsc, tscinvbit, avx, avx2, aes, erms, clmul, bmi1, bmi2, adx, fma, vzeroupper, clflush, clflushopt, hv

Memory: 4k page, system-wide physical 32689M (7247M free)
TotalPageFile size 32689M (AvailPageFile size 485M)
current process WorkingSet (physical memory assigned to process): 10M, peak: 10M
current process commit charge ("private bytes"): 66M, peak: 578M

vm_info: OpenJDK 64-Bit Server VM (17.0.5+8-LTS) for windows-amd64 JRE (17.0.5+8-LTS), built on Oct 13 2022 05:18:14 by "Administrator" with MS VC++ 15.9 (VS2017)

END.
